============================= test session starts ==============================
platform linux -- Python 3.9.21, pytest-8.4.1, pluggy-1.6.0 -- /home/rchaves/miniforge3/envs/mwf_env/bin/python
cachedir: .pytest_cache
rootdir: /home/rchaves/repo/workflow
configfile: pyproject.toml
testpaths: test
plugins: anyio-4.9.0, cov-6.2.1
collecting ... collected 118 items / 1 deselected / 117 selected

test/test_console.py::TestConsoleArgumentParsing::test_parser_exists PASSED [  0%]
test/test_console.py::TestConsoleArgumentParsing::test_no_arguments PASSED [  1%]
test/test_console.py::TestConsoleIntegration::test_subcommand_help[convert] PASSED [  2%]
test/test_console.py::TestConsoleIntegration::test_subcommand_help[filter] PASSED [  3%]
test/test_console.py::TestConsoleIntegration::test_subcommand_help[subset] PASSED [  4%]
test/test_console.py::TestConsoleIntegration::test_subcommand_help[chainer] PASSED [  5%]
test/test_console.py::TestConsoleIntegration::test_subcommand_help[nassa] PASSED [  5%]
test/test_run.py::TestMWFRun::test_project_task[itopology-A0001] PASSED  [  6%]
test/test_run.py::TestMWFRun::test_md_task[istructure-A0001] PASSED      [  7%]
test/test_run.py::TestMWFRun::test_TMscores_analysis[A0001] SKIPPED      [  8%]
test/test_run.py::TestMWFRun::test_project_task[itopology-A01IP] PASSED  [  9%]
test/test_run.py::TestMWFRun::test_md_task[istructure-A01IP] PASSED      [ 10%]
test/test_run.py::TestMWFRun::test_TMscores_analysis[A01IP] SKIPPED      [ 11%]
test/test_run.py::TestMWFRun::test_project_task[inputs-A0001] PASSED     [ 11%]
test/test_run.py::TestMWFRun::test_md_task[itrajectory-A0001] PASSED     [ 12%]
test/test_run.py::TestMWFRun::test_project_task[inputs-A01IP] PASSED     [ 13%]
test/test_run.py::TestMWFRun::test_md_task[itrajectory-A01IP] PASSED     [ 14%]
test/test_run.py::TestMWFRun::test_project_task[populations-A0001] PASSED [ 15%]
test/test_run.py::TestMWFRun::test_md_task[structure-A0001] PASSED       [ 16%]
test/test_run.py::TestMWFRun::test_project_task[populations-A01IP] PASSED [ 17%]
test/test_run.py::TestMWFRun::test_md_task[structure-A01IP] PASSED       [ 17%]
test/test_run.py::TestMWFRun::test_project_task[transitions-A0001] PASSED [ 18%]
test/test_run.py::TestMWFRun::test_md_task[trajectory-A0001] PASSED      [ 19%]
test/test_run.py::TestMWFRun::test_project_task[transitions-A01IP] PASSED [ 20%]
test/test_run.py::TestMWFRun::test_md_task[trajectory-A01IP] PASSED      [ 21%]
test/test_run.py::TestMWFRun::test_project_task[topology-A0001] PASSED   [ 22%]
test/test_run.py::TestMWFRun::test_md_task[inpro-A0001] PASSED           [ 23%]
test/test_run.py::TestMWFRun::test_project_task[topology-A01IP] PASSED   [ 23%]
test/test_run.py::TestMWFRun::test_md_task[inpro-A01IP] PASSED           [ 24%]
test/test_run.py::TestMWFRun::test_project_task[refbonds-A0001] PASSED   [ 25%]
test/test_run.py::TestMWFRun::test_md_task[frames-A0001] PASSED          [ 26%]
test/test_run.py::TestMWFRun::test_project_task[refbonds-A01IP] PASSED   [ 27%]
test/test_run.py::TestMWFRun::test_md_task[frames-A01IP] PASSED          [ 28%]
test/test_run.py::TestMWFRun::test_project_task[charges-A0001] PASSED    [ 29%]
test/test_run.py::TestMWFRun::test_md_task[firstframe-A0001] PASSED      [ 29%]
test/test_run.py::TestMWFRun::test_project_task[charges-A01IP] PASSED    [ 30%]
test/test_run.py::TestMWFRun::test_md_task[firstframe-A01IP] PASSED      [ 31%]
test/test_run.py::TestMWFRun::test_project_task[pdbs-A0001] PASSED       [ 32%]
test/test_run.py::TestMWFRun::test_md_task[average-A0001] PASSED         [ 33%]
test/test_run.py::TestMWFRun::test_project_task[pdbs-A01IP] PASSED       [ 34%]
test/test_run.py::TestMWFRun::test_md_task[average-A01IP] PASSED         [ 35%]
test/test_run.py::TestMWFRun::test_project_task[protmap-A0001] PASSED    [ 35%]
test/test_run.py::TestMWFRun::test_md_task[mdmeta-A0001] PASSED          [ 36%]
test/test_run.py::TestMWFRun::test_project_task[protmap-A01IP] PASSED    [ 37%]
test/test_run.py::TestMWFRun::test_md_task[mdmeta-A01IP] PASSED          [ 38%]
test/test_run.py::TestMWFRun::test_project_task[chains-A0001] PASSED     [ 39%]
test/test_run.py::TestMWFRun::test_md_task[inter-A0001] PASSED           [ 40%]
test/test_run.py::TestMWFRun::test_project_task[chains-A01IP] PASSED     [ 41%]
test/test_run.py::TestMWFRun::test_md_task[inter-A01IP] PASSED           [ 41%]
test/test_run.py::TestMWFRun::test_project_task[ligmap-A0001] PASSED     [ 42%]
test/test_run.py::TestMWFRun::test_md_task[reframe-A0001] PASSED         [ 43%]
test/test_run.py::TestMWFRun::test_project_task[ligmap-A01IP] PASSED     [ 44%]
test/test_run.py::TestMWFRun::test_md_task[reframe-A01IP] PASSED         [ 45%]
test/test_run.py::TestMWFRun::test_project_task[mda_univ-A0001] PASSED   [ 46%]
test/test_run.py::TestMWFRun::test_md_task[rmsds-A0001] PASSED           [ 47%]
test/test_run.py::TestMWFRun::test_project_task[mda_univ-A01IP] PASSED   [ 47%]
test/test_run.py::TestMWFRun::test_md_task[rmsds-A01IP] PASSED           [ 48%]
test/test_run.py::TestMWFRun::test_project_task[lipmap-A0001] PASSED     [ 49%]
test/test_run.py::TestMWFRun::test_md_task[tmscore-A0001] PASSED         [ 50%]
test/test_run.py::TestMWFRun::test_project_task[lipmap-A01IP] PASSED     [ 51%]
test/test_run.py::TestMWFRun::test_md_task[tmscore-A01IP] PASSED         [ 52%]
test/test_run.py::TestMWFRun::test_project_task[membranes-A0001] PASSED  [ 52%]
test/test_run.py::TestMWFRun::test_md_task[rmsf-A0001] PASSED            [ 53%]
test/test_run.py::TestMWFRun::test_project_task[membranes-A01IP] PASSED  [ 54%]
test/test_run.py::TestMWFRun::test_md_task[rmsf-A01IP] PASSED            [ 55%]
test/test_run.py::TestMWFRun::test_project_task[resmap-A0001] PASSED     [ 56%]
test/test_run.py::TestMWFRun::test_md_task[rgyr-A0001] PASSED            [ 57%]
test/test_run.py::TestMWFRun::test_project_task[resmap-A01IP] PASSED     [ 58%]
test/test_run.py::TestMWFRun::test_md_task[rgyr-A01IP] PASSED            [ 58%]
test/test_run.py::TestMWFRun::test_project_task[intertypes-A0001] PASSED [ 59%]
test/test_run.py::TestMWFRun::test_md_task[pca-A0001] PASSED             [ 60%]
test/test_run.py::TestMWFRun::test_project_task[intertypes-A01IP] PASSED [ 61%]
test/test_run.py::TestMWFRun::test_md_task[pca-A01IP] PASSED             [ 62%]
test/test_run.py::TestMWFRun::test_project_task[pmeta-A0001] PASSED      [ 63%]
test/test_run.py::TestMWFRun::test_md_task[perres-A0001] PASSED          [ 64%]
test/test_run.py::TestMWFRun::test_project_task[pmeta-A01IP] PASSED      [ 64%]
test/test_run.py::TestMWFRun::test_md_task[perres-A01IP] PASSED          [ 65%]
test/test_run.py::TestMWFRun::test_project_task[stopology-A0001] PASSED  [ 66%]
test/test_run.py::TestMWFRun::test_md_task[pairwise-A0001] PASSED        [ 67%]
test/test_run.py::TestMWFRun::test_project_task[stopology-A01IP] PASSED  [ 68%]
test/test_run.py::TestMWFRun::test_md_task[pairwise-A01IP] PASSED        [ 69%]
test/test_run.py::TestMWFRun::test_project_task[screenshot-A0001] PASSED [ 70%]
test/test_run.py::TestMWFRun::test_md_task[clusters-A0001] PASSED        [ 70%]
test/test_run.py::TestMWFRun::test_project_task[screenshot-A01IP] PASSED [ 71%]
test/test_run.py::TestMWFRun::test_md_task[clusters-A01IP] PASSED        [ 72%]
test/test_run.py::TestMWFRun::test_md_task[dist-A0001] PASSED            [ 73%]
test/test_run.py::TestMWFRun::test_md_task[dist-A01IP] PASSED            [ 74%]
test/test_run.py::TestMWFRun::test_md_task[hbonds-A0001] PASSED          [ 75%]
test/test_run.py::TestMWFRun::test_md_task[hbonds-A01IP] PASSED          [ 76%]
test/test_run.py::TestMWFRun::test_md_task[sas-A0001] PASSED             [ 76%]
test/test_run.py::TestMWFRun::test_md_task[sas-A01IP] PASSED             [ 77%]
test/test_run.py::TestMWFRun::test_md_task[energies-A0001] PASSED        [ 78%]
test/test_run.py::TestMWFRun::test_md_task[energies-A01IP] PASSED        [ 79%]
test/test_run.py::TestMWFRun::test_md_task[dihedrals-A0001] SKIPPED      [ 80%]
test/test_run.py::TestMWFRun::test_md_task[dihedrals-A01IP] SKIPPED      [ 81%]
test/test_run.py::TestMWFRun::test_md_task[pockets-A0001] PASSED         [ 82%]
test/test_run.py::TestMWFRun::test_md_task[pockets-A01IP] SKIPPED (S...) [ 82%]
test/test_run.py::TestMWFRun::test_md_task[helical-A0001] PASSED         [ 83%]
test/test_run.py::TestMWFRun::test_md_task[helical-A01IP] PASSED         [ 84%]
test/test_run.py::TestMWFRun::test_md_task[markov-A0001] PASSED          [ 85%]
test/test_run.py::TestMWFRun::test_md_task[markov-A01IP] PASSED          [ 86%]
test/test_run.py::TestMWFRun::test_md_task[density-A0001] PASSED         [ 87%]
test/test_run.py::TestMWFRun::test_md_task[density-A01IP] PASSED         [ 88%]
test/test_run.py::TestMWFRun::test_md_task[thickness-A0001] PASSED       [ 88%]
test/test_run.py::TestMWFRun::test_md_task[thickness-A01IP] PASSED       [ 89%]
test/test_run.py::TestMWFRun::test_md_task[apl-A0001] PASSED             [ 90%]
test/test_run.py::TestMWFRun::test_md_task[apl-A01IP] PASSED             [ 91%]
test/test_run.py::TestMWFRun::test_md_task[lorder-A0001] PASSED          [ 92%]
test/test_run.py::TestMWFRun::test_md_task[lorder-A01IP] PASSED          [ 93%]
test/test_run.py::TestMWFRun::test_md_task[linter-A0001] PASSED          [ 94%]
test/test_run.py::TestMWFRun::test_md_task[linter-A01IP] PASSED          [ 94%]
test/test_run.py::TestWorkflow::test_workflow_execution PASSED           [ 95%]
test/test_structure.py::TestStructure::test_load_structure[A0001.pdb] PASSED [ 96%]
test/test_structure.py::TestStructure::test_load_structure[A0001.prmtop] PASSED [ 97%]
test/test_structure.py::TestStructure::test_load_structure[A0224.tpr] PASSED [ 98%]
test/test_structure.py::TestStructure::test_load_structure[3rbn.cif] PASSED [ 99%]
test/test_structure.py::TestStructure::test_structure_functions PASSED   [100%]

=============================== warnings summary ===============================
test/test_run.py: 14 warnings
  /home/rchaves/repo/workflow/model_workflow/utils/mda_spells.py:82: UserWarning:
  Reader has no dt information, set to 1.0 ps

test/test_run.py::TestMWFRun::test_project_task[lipmap-A01IP]
  /home/rchaves/repo/workflow/model_workflow/tools/get_inchi_keys.py:162: UserWarning:
  Same residue with different classifications:
  HVYWMOMLDIMFJA-DPAQBDIFSA-N + -> {'steroid', 'fatty'} for names {'CHL1'}

test/test_run.py::TestMWFRun::test_project_task[lipmap-A01IP]
  /home/rchaves/repo/workflow/model_workflow/tools/get_inchi_keys.py:173: UserWarning:
  The residue POPC has more than one InChi key:
  WTJKGGKOPKCXLL-RYDYYDTQSA-N:    1. InChI=1S/C42H82NO8P/c1-6-8-10-12-14-16-18-20-21-23-25-27-29-31-33-35-42(45)51-40(39-50-52(46,47)49-37-36-43(3,4)5)38-48-41(44)34-32-30-28-26-24-22-19-17-15-13-11-9-7-2/h20-21,40H,6-19,22-39H2,1-5H3/b21-20+/t40-/m1/s1. Sample index: 1092
  WTJKGGKOPKCXLL-VYOBOKEXSA-N:  566. InChI=1S/C42H82NO8P/c1-6-8-10-12-14-16-18-20-21-23-25-27-29-31-33-35-42(45)51-40(39-50-52(46,47)49-37-36-43(3,4)5)38-48-41(44)34-32-30-28-26-24-22-19-17-15-13-11-9-7-2/h20-21,40H,6-19,22-39H2,1-5H3/b21-20-/t40-/m1/s1. Sample index: 998

test/test_run.py::TestMWFRun::test_md_task[rmsf-A0001]
test/test_run.py::TestMWFRun::test_md_task[rmsf-A01IP]
test/test_run.py::TestMWFRun::test_md_task[thickness-A01IP]
test/test_run.py::TestMWFRun::test_md_task[lorder-A01IP]
test/test_run.py::TestMWFRun::test_md_task[linter-A01IP]
  /home/rchaves/miniforge3/envs/mwf_env/lib/python3.9/site-packages/MDAnalysis/lib/mdamath.py:293: RuntimeWarning:
  invalid value encountered in double_scalars

test/test_run.py::TestMWFRun::test_md_task[rmsf-A0001]
test/test_run.py::TestMWFRun::test_md_task[rmsf-A01IP]
test/test_run.py::TestMWFRun::test_md_task[thickness-A01IP]
test/test_run.py::TestMWFRun::test_md_task[lorder-A01IP]
test/test_run.py::TestMWFRun::test_md_task[linter-A01IP]
  /home/rchaves/miniforge3/envs/mwf_env/lib/python3.9/site-packages/MDAnalysis/lib/mdamath.py:294: RuntimeWarning:
  invalid value encountered in double_scalars

test/test_run.py::TestMWFRun::test_md_task[rmsf-A0001]
test/test_run.py::TestMWFRun::test_md_task[rmsf-A01IP]
test/test_run.py::TestMWFRun::test_md_task[thickness-A01IP]
test/test_run.py::TestMWFRun::test_md_task[lorder-A01IP]
test/test_run.py::TestMWFRun::test_md_task[linter-A01IP]
  /home/rchaves/miniforge3/envs/mwf_env/lib/python3.9/site-packages/MDAnalysis/lib/mdamath.py:295: RuntimeWarning:
  invalid value encountered in double_scalars

test/test_structure.py::TestStructure::test_load_structure[A0001.prmtop]
  /home/rchaves/miniforge3/envs/mwf_env/lib/python3.9/site-packages/MDAnalysis/topology/TOPParser.py:288: UserWarning:
  ATOMIC_NUMBER record not found, elements attribute will not be populated. If needed these can be guessed using MDAnalysis.topology.guessers.

-- Docs: https://docs.pytest.org/en/stable/how-to/capture-warnings.html
================================ tests coverage ================================
_______________ coverage: platform linux, python 3.9.21-final-0 ________________

Coverage HTML written to dir docs/source/_static/htmlcov
Coverage XML written to file docs/source/_static/coverage.xml
============================== slowest durations ===============================
162.68s call     test/test_run.py::TestMWFRun::test_md_task[dist-A01IP]
112.80s call     test/test_run.py::TestMWFRun::test_md_task[energies-A01IP]
43.60s call     test/test_run.py::TestMWFRun::test_project_task[lipmap-A01IP]
42.53s call     test/test_run.py::TestMWFRun::test_md_task[clusters-A01IP]
25.78s call     test/test_run.py::TestMWFRun::test_md_task[linter-A01IP]
20.80s call     test/test_run.py::TestMWFRun::test_project_task[pmeta-A01IP]
17.97s call     test/test_run.py::TestMWFRun::test_md_task[inter-A01IP]
17.61s call     test/test_run.py::TestMWFRun::test_md_task[lorder-A01IP]
17.48s call     test/test_run.py::TestMWFRun::test_project_task[screenshot-A01IP]
17.14s call     test/test_run.py::TestMWFRun::test_project_task[membranes-A01IP]
16.17s call     test/test_run.py::TestMWFRun::test_project_task[stopology-A01IP]
16.14s call     test/test_run.py::TestMWFRun::test_md_task[density-A01IP]
16.06s call     test/test_run.py::TestMWFRun::test_md_task[apl-A01IP]
15.17s call     test/test_run.py::TestMWFRun::test_md_task[thickness-A01IP]
12.40s call     test/test_run.py::TestMWFRun::test_md_task[sas-A01IP]
11.93s call     test/test_run.py::TestMWFRun::test_project_task[mda_univ-A01IP]
11.52s call     test/test_run.py::TestMWFRun::test_project_task[ligmap-A01IP]
11.16s call     test/test_run.py::TestMWFRun::test_md_task[tmscore-A01IP]
10.73s call     test/test_structure.py::TestStructure::test_load_structure[A0224.tpr]
10.10s call     test/test_run.py::TestMWFRun::test_project_task[intertypes-A01IP]
9.46s call     test/test_run.py::TestMWFRun::test_md_task[pca-A01IP]
8.95s call     test/test_run.py::TestMWFRun::test_md_task[pockets-A0001]
8.88s call     test/test_run.py::TestMWFRun::test_project_task[resmap-A01IP]
8.45s call     test/test_run.py::TestMWFRun::test_md_task[helical-A01IP]
8.13s call     test/test_run.py::TestMWFRun::test_md_task[rmsds-A01IP]
7.79s call     test/test_run.py::TestMWFRun::test_md_task[hbonds-A01IP]
7.76s call     test/test_run.py::TestMWFRun::test_md_task[reframe-A01IP]
7.71s call     test/test_run.py::TestMWFRun::test_md_task[clusters-A0001]
7.31s call     test/test_run.py::TestMWFRun::test_project_task[protmap-A01IP]
6.48s call     test/test_run.py::TestMWFRun::test_project_task[refbonds-A01IP]
6.21s call     test/test_run.py::TestMWFRun::test_md_task[pairwise-A01IP]
6.21s call     test/test_run.py::TestMWFRun::test_project_task[charges-A01IP]
6.07s call     test/test_structure.py::TestStructure::test_load_structure[3rbn.cif]
5.51s call     test/test_run.py::TestWorkflow::test_workflow_execution
5.20s call     test/test_run.py::TestMWFRun::test_md_task[mdmeta-A01IP]
4.63s call     test/test_run.py::TestMWFRun::test_project_task[screenshot-A0001]
4.45s call     test/test_structure.py::TestStructure::test_load_structure[A0001.pdb]
4.40s call     test/test_run.py::TestMWFRun::test_project_task[chains-A01IP]
3.79s call     test/test_run.py::TestMWFRun::test_project_task[pdbs-A0001]
3.39s call     test/test_run.py::TestMWFRun::test_md_task[pca-A0001]
2.93s call     test/test_run.py::TestMWFRun::test_md_task[tmscore-A0001]
2.86s call     test/test_run.py::TestMWFRun::test_md_task[sas-A0001]
2.61s call     test/test_run.py::TestMWFRun::test_md_task[markov-A01IP]
2.23s call     test/test_run.py::TestMWFRun::test_project_task[protmap-A0001]
2.19s call     test/test_run.py::TestMWFRun::test_md_task[perres-A01IP]
2.06s call     test/test_run.py::TestMWFRun::test_project_task[pmeta-A0001]
2.03s call     test/test_run.py::TestMWFRun::test_project_task[stopology-A0001]
1.94s call     test/test_structure.py::TestStructure::test_load_structure[A0001.prmtop]
1.93s call     test/test_run.py::TestMWFRun::test_md_task[rgyr-A01IP]
1.75s call     test/test_run.py::TestMWFRun::test_project_task[pdbs-A01IP]
1.68s call     test/test_run.py::TestMWFRun::test_project_task[lipmap-A0001]
1.62s call     test/test_run.py::TestMWFRun::test_md_task[pairwise-A0001]
1.48s call     test/test_run.py::TestMWFRun::test_md_task[reframe-A0001]
1.42s setup    test/test_run.py::TestMWFRun::test_md_task[linter-A01IP]
1.19s call     test/test_run.py::TestMWFRun::test_md_task[linter-A0001]
1.16s setup    test/test_run.py::TestMWFRun::test_project_task[pmeta-A01IP]
1.13s setup    test/test_run.py::TestMWFRun::test_md_task[pockets-A01IP]
1.00s setup    test/test_run.py::TestMWFRun::test_project_task[membranes-A01IP]
0.97s setup    test/test_run.py::TestMWFRun::test_project_task[stopology-A01IP]
0.97s setup    test/test_run.py::TestMWFRun::test_md_task[thickness-A01IP]
0.95s setup    test/test_run.py::TestMWFRun::test_md_task[markov-A01IP]
0.95s setup    test/test_run.py::TestMWFRun::test_project_task[charges-A01IP]
0.94s setup    test/test_run.py::TestMWFRun::test_md_task[energies-A01IP]
0.93s setup    test/test_run.py::TestMWFRun::test_project_task[lipmap-A01IP]
0.92s setup    test/test_run.py::TestMWFRun::test_md_task[hbonds-A01IP]
0.92s setup    test/test_run.py::TestMWFRun::test_md_task[density-A01IP]
0.84s setup    test/test_run.py::TestMWFRun::test_project_task[screenshot-A01IP]
0.82s setup    test/test_run.py::TestMWFRun::test_md_task[sas-A01IP]
0.79s call     test/test_run.py::TestMWFRun::test_md_task[rmsf-A01IP]
0.78s setup    test/test_run.py::TestMWFRun::test_md_task[helical-A01IP]
0.76s call     test/test_run.py::TestMWFRun::test_project_task[mda_univ-A0001]
0.75s setup    test/test_run.py::TestMWFRun::test_project_task[itopology-A01IP]
0.75s setup    test/test_run.py::TestMWFRun::test_project_task[transitions-A01IP]
0.75s setup    test/test_run.py::TestMWFRun::test_project_task[populations-A01IP]
0.74s setup    test/test_run.py::TestMWFRun::test_project_task[pdbs-A01IP]
0.74s setup    test/test_run.py::TestMWFRun::test_project_task[protmap-A01IP]
0.73s setup    test/test_run.py::TestMWFRun::test_project_task[inputs-A01IP]
0.72s setup    test/test_run.py::TestMWFRun::test_project_task[topology-A01IP]
0.72s setup    test/test_run.py::TestMWFRun::test_project_task[refbonds-A01IP]
0.72s setup    test/test_run.py::TestMWFRun::test_project_task[mda_univ-A01IP]
0.71s setup    test/test_run.py::TestMWFRun::test_md_task[dist-A01IP]
0.70s call     test/test_run.py::TestMWFRun::test_md_task[density-A0001]
0.67s setup    test/test_run.py::TestMWFRun::test_md_task[dihedrals-A01IP]
0.67s setup    test/test_run.py::TestMWFRun::test_project_task[intertypes-A01IP]
0.66s setup    test/test_run.py::TestMWFRun::test_md_task[lorder-A01IP]
0.66s setup    test/test_run.py::TestMWFRun::test_project_task[resmap-A01IP]
0.65s setup    test/test_run.py::TestMWFRun::test_md_task[apl-A01IP]
0.64s setup    test/test_run.py::TestMWFRun::test_project_task[chains-A01IP]
0.64s setup    test/test_run.py::TestMWFRun::test_project_task[ligmap-A01IP]
0.63s call     test/test_run.py::TestMWFRun::test_md_task[lorder-A0001]
0.62s call     test/test_run.py::TestMWFRun::test_project_task[membranes-A0001]
0.60s call     test/test_run.py::TestMWFRun::test_md_task[thickness-A0001]
0.59s call     test/test_run.py::TestMWFRun::test_md_task[apl-A0001]
0.53s setup    test/test_run.py::TestMWFRun::test_md_task[linter-A0001]
0.37s call     test/test_run.py::TestMWFRun::test_project_task[resmap-A0001]
0.33s setup    test/test_run.py::TestMWFRun::test_md_task[sas-A0001]
0.31s call     test/test_run.py::TestMWFRun::test_md_task[energies-A0001]
0.31s call     test/test_run.py::TestMWFRun::test_md_task[average-A01IP]
0.29s call     test/test_run.py::TestMWFRun::test_md_task[hbonds-A0001]
0.29s call     test/test_run.py::TestMWFRun::test_md_task[dist-A0001]
0.28s call     test/test_run.py::TestMWFRun::test_md_task[firstframe-A01IP]
0.23s call     test/test_run.py::TestMWFRun::test_md_task[mdmeta-A0001]
0.22s call     test/test_run.py::TestMWFRun::test_project_task[chains-A0001]
0.20s call     test/test_run.py::TestMWFRun::test_project_task[ligmap-A0001]
0.19s call     test/test_run.py::TestMWFRun::test_project_task[intertypes-A0001]
0.18s call     test/test_run.py::TestMWFRun::test_project_task[refbonds-A0001]
0.18s call     test/test_run.py::TestMWFRun::test_md_task[rmsds-A0001]
0.16s call     test/test_run.py::TestMWFRun::test_md_task[inter-A0001]
0.15s call     test/test_run.py::TestMWFRun::test_md_task[markov-A0001]
0.15s call     test/test_run.py::TestMWFRun::test_md_task[rgyr-A0001]
0.14s call     test/test_run.py::TestMWFRun::test_md_task[helical-A0001]
0.12s setup    test/test_run.py::TestMWFRun::test_project_task[pdbs-A0001]
0.11s call     test/test_run.py::TestMWFRun::test_project_task[charges-A0001]
0.10s call     test/test_run.py::TestMWFRun::test_md_task[perres-A0001]
0.09s setup    test/test_run.py::TestMWFRun::test_md_task[hbonds-A0001]
0.08s setup    test/test_run.py::TestMWFRun::test_project_task[intertypes-A0001]
0.08s setup    test/test_run.py::TestMWFRun::test_md_task[dist-A0001]
0.08s setup    test/test_run.py::TestMWFRun::test_md_task[dihedrals-A0001]
0.08s setup    test/test_structure.py::TestStructure::test_structure_functions
0.08s setup    test/test_run.py::TestMWFRun::test_md_task[density-A0001]
0.08s setup    test/test_run.py::TestMWFRun::test_md_task[lorder-A0001]
0.07s setup    test/test_run.py::TestMWFRun::test_project_task[membranes-A0001]
0.07s setup    test/test_run.py::TestMWFRun::test_project_task[screenshot-A0001]
0.07s setup    test/test_run.py::TestMWFRun::test_project_task[ligmap-A0001]
0.07s setup    test/test_run.py::TestMWFRun::test_project_task[stopology-A0001]
0.07s setup    test/test_run.py::TestMWFRun::test_project_task[itopology-A0001]
0.07s call     test/test_structure.py::TestStructure::test_structure_functions
0.07s call     test/test_run.py::TestMWFRun::test_project_task[topology-A01IP]
0.07s call     test/test_run.py::TestMWFRun::test_md_task[firstframe-A0001]
0.07s setup    test/test_run.py::TestMWFRun::test_md_task[helical-A0001]
0.06s setup    test/test_run.py::TestMWFRun::test_md_task[pockets-A0001]
0.06s setup    test/test_run.py::TestMWFRun::test_md_task[energies-A0001]
0.06s call     test/test_run.py::TestMWFRun::test_project_task[populations-A01IP]
0.06s setup    test/test_run.py::TestMWFRun::test_md_task[thickness-A0001]
0.06s setup    test/test_run.py::TestMWFRun::test_project_task[inputs-A0001]
0.06s setup    test/test_run.py::TestMWFRun::test_project_task[transitions-A0001]
0.06s setup    test/test_run.py::TestMWFRun::test_project_task[lipmap-A0001]
0.06s setup    test/test_run.py::TestMWFRun::test_md_task[apl-A0001]
0.06s setup    test/test_run.py::TestMWFRun::test_md_task[markov-A0001]
0.06s setup    test/test_run.py::TestMWFRun::test_project_task[pmeta-A0001]
0.06s setup    test/test_run.py::TestMWFRun::test_project_task[resmap-A0001]
0.06s setup    test/test_run.py::TestMWFRun::test_project_task[charges-A0001]
0.06s setup    test/test_run.py::TestMWFRun::test_project_task[populations-A0001]
0.06s setup    test/test_run.py::TestMWFRun::test_project_task[mda_univ-A0001]
0.05s setup    test/test_run.py::TestMWFRun::test_project_task[chains-A0001]
0.05s call     test/test_run.py::TestMWFRun::test_project_task[transitions-A01IP]
0.05s call     test/test_run.py::TestMWFRun::test_project_task[populations-A0001]
0.05s setup    test/test_run.py::TestMWFRun::test_project_task[protmap-A0001]
0.05s call     test/test_run.py::TestMWFRun::test_md_task[istructure-A01IP]
0.05s setup    test/test_run.py::TestMWFRun::test_project_task[topology-A0001]
0.05s call     test/test_run.py::TestMWFRun::test_project_task[transitions-A0001]
0.05s call     test/test_run.py::TestMWFRun::test_md_task[itrajectory-A01IP]
0.04s setup    test/test_run.py::TestMWFRun::test_project_task[refbonds-A0001]
0.04s call     test/test_run.py::TestMWFRun::test_md_task[rmsf-A0001]
0.04s call     test/test_run.py::TestMWFRun::test_md_task[average-A0001]
0.03s call     test/test_run.py::TestMWFRun::test_md_task[istructure-A0001]
0.03s call     test/test_run.py::TestMWFRun::test_md_task[itrajectory-A0001]
0.03s call     test/test_run.py::TestMWFRun::test_md_task[structure-A01IP]
0.02s call     test/test_run.py::TestMWFRun::test_project_task[topology-A0001]
0.02s call     test/test_run.py::TestMWFRun::test_md_task[trajectory-A01IP]

(189 durations < 0.005s hidden.  Use -vv to show these durations.)
=========================== short test summary info ============================
SKIPPED [2] test/test_run.py:73: Test is skipped
SKIPPED [2] test/test_run.py:67: Skipping analysis 'dihedrals' for now.
SKIPPED [1] test/test_run.py:67: Skipping analysis 'pockets' for now.
==== 112 passed, 5 skipped, 1 deselected, 32 warnings in 810.87s (0:13:30) =====
